<?xml version="1.0" encoding="UTF-8"?>
<!-- Generated by org.testng.reporters.JUnitReportReporter -->
<testsuite skipped="0" hostname="GURUDEV" name="examplesIsDisplayed.IsDisplayedTestCase" tests="2" failures="0" timestamp="12 May 2021 13:11:24 GMT" time="0.667" errors="0">
  <testcase name="textBoxVisibleonPageLoad" time="0.151" classname="examplesIsDisplayed.IsDisplayedTestCase"/>
  <testcase name="textBoxInVisibleonButtonClick" time="0.516" classname="examplesIsDisplayed.IsDisplayedTestCase"/>
</testsuite> <!-- examplesIsDisplayed.IsDisplayedTestCase -->
