<?xml version="1.0" encoding="UTF-8"?>
<!-- Generated by org.testng.reporters.JUnitReportReporter -->
<testsuite skipped="0" hostname="GURUDEV" name="newbegining.IsDisplayedTestCase" tests="2" failures="0" timestamp="23 Mar 2021 14:52:37 GMT" time="0.454" errors="0">
  <testcase name="textBoxVisibleonPageLoad" time="0.122" classname="newbegining.IsDisplayedTestCase"/>
  <testcase name="textBoxInVisibleonButtonClick" time="0.332" classname="newbegining.IsDisplayedTestCase"/>
</testsuite> <!-- newbegining.IsDisplayedTestCase -->
