<?xml version="1.0" encoding="UTF-8"?>
<!-- Generated by org.testng.reporters.JUnitReportReporter -->
<testsuite skipped="0" hostname="GURUDEV" name="login.LoginTest" tests="1" failures="0" timestamp="05 May 2021 09:17:40 GMT" time="17.334" errors="0">
  <testcase name="login" time="17.334" classname="login.LoginTest"/>
</testsuite> <!-- login.LoginTest -->
