<?xml version="1.0" encoding="UTF-8"?>
<!-- Generated by org.testng.reporters.JUnitReportReporter -->
<testsuite skipped="0" hostname="GURUDEV" name="xpathChallenges.FacebookLogin" tests="1" failures="0" timestamp="21 May 2021 08:12:59 GMT" time="36.192" errors="0">
  <testcase name="TestFaceBookFindFriends" time="36.192" classname="xpathChallenges.FacebookLogin"/>
</testsuite> <!-- xpathChallenges.FacebookLogin -->
