<?xml version="1.0" encoding="UTF-8"?>
<!-- Generated by org.testng.reporters.JUnitReportReporter -->
<testsuite skipped="0" hostname="GURUDEV" name="xpathChallenges.GoogleSearch" tests="1" failures="0" timestamp="19 May 2021 14:18:59 GMT" time="31.504" errors="0">
  <testcase name="googleSearch" time="31.504" classname="xpathChallenges.GoogleSearch"/>
</testsuite> <!-- xpathChallenges.GoogleSearch -->
