<?xml version="1.0" encoding="UTF-8"?>
<!-- Generated by org.testng.reporters.JUnitReportReporter -->
<testsuite skipped="0" hostname="GURUDEV" name="waitExamples.ImplicitWait" tests="1" failures="0" timestamp="10 May 2021 13:27:38 GMT" time="30.924" errors="0">
  <testcase name="linkdin" time="30.924" classname="waitExamples.ImplicitWait"/>
</testsuite> <!-- waitExamples.ImplicitWait -->
