<?xml version="1.0" encoding="UTF-8"?>
<!-- Generated by org.testng.reporters.JUnitReportReporter -->
<testsuite skipped="0" hostname="GURUDEV" name="jenkins.GoogleHomePageTest" tests="1" failures="0" timestamp="2021-05-31T21:23:39 GST" time="4.069" errors="0">
  <testcase name="testHomePage" time="4.069" classname="jenkins.GoogleHomePageTest"/>
  <system-out/>
</testsuite> <!-- jenkins.GoogleHomePageTest -->
